read_list of 3
read_list of 4
read_list of 1
read_list of 2
read_list of 1
read_list of 1
read_list of 0
Entered while_loop with count: 0
Min heap is not empty, proceeding...
Sorted min heap: Bool Bruh IO Int Main Object String 
Dequeued: Bool
Updated final list: [Bool]
curr: Bool
Dependencies of Bool: []
Finished child_loop for Bool
Entered while_loop with count: 1
Min heap is not empty, proceeding...
Sorted min heap: Bruh IO Int Main Object String 
Dequeued: Bruh
Updated final list: [Bool, Bruh]
curr: Bruh
Dependencies of Bruh: [Bruh2]
Finished child_loop for Bruh
Entered while_loop with count: 2
Min heap is not empty, proceeding...
Sorted min heap: Bruh2 IO Int Main Object String 
Dequeued: Bruh2
Updated final list: [Bool, Bruh, Bruh2]
curr: Bruh2
Dependencies of Bruh2: []
Finished child_loop for Bruh2
Entered while_loop with count: 3
Min heap is not empty, proceeding...
Sorted min heap: IO Int Main Object String 
Dequeued: IO
Updated final list: [Bool, Bruh, Bruh2, IO]
curr: IO
Dependencies of IO: []
Finished child_loop for IO
Entered while_loop with count: 4
Min heap is not empty, proceeding...
Sorted min heap: Int Main Object String 
Dequeued: Int
Updated final list: [Bool, Bruh, Bruh2, IO, Int]
curr: Int
Dependencies of Int: []
Finished child_loop for Int
Entered while_loop with count: 5
Min heap is not empty, proceeding...
Sorted min heap: Main Object String 
Dequeued: Main
Updated final list: [Bool, Bruh, Bruh2, IO, Int, Main]
curr: Main
Dependencies of Main: []
Finished child_loop for Main
Entered while_loop with count: 6
Min heap is not empty, proceeding...
Sorted min heap: Object String 
Dequeued: Object
Updated final list: [Bool, Bruh, Bruh2, IO, Int, Main, Object]
curr: Object
Dependencies of Object: []
Finished child_loop for Object
Entered while_loop with count: 7
Min heap is not empty, proceeding...
Sorted min heap: String 
Dequeued: String
Updated final list: [Bool, Bruh, Bruh2, IO, Int, Main, Object, String]
curr: String
Dependencies of String: []
Finished child_loop for String
Entered while_loop with count: 8
Topological sort completed successfully.
AST:
Class (name: Bool, location: 0)
  No Inheritance
Class (name: Bruh, location: 1)
  Inherits from: Bruh2
    Method: teehee returning Int
    Attribute: g of type String
    Attribute: x of type String
    Attribute: y of type Int
    Attribute: z of type Int
    Method: init returning Int
Class (name: Bruh2, location: 11)
  No Inheritance
    Attribute: g of type String
    Method: teehee returning Int
Class (name: IO, location: 0)
  No Inheritance
Class (name: Int, location: 0)
  No Inheritance
Class (name: Main, location: 16)
  No Inheritance
    Method: main returning Object
Class (name: Object, location: 0)
  No Inheritance
Class (name: String, location: 0)
  No Inheritance
Bool
Bruh
Bruh2
IO
Int
Main
Object
String
